<?xml version="1.0" encoding="UTF-8"?>
<!-- Generated by org.testng.reporters.JUnitReportReporter -->
<testsuite hostname="Lenovo-PC" name="com.selenium.org.Batch9Maven.TestNGCLass" tests="1" failures="0" timestamp="15 May 2017 03:42:26 GMT" time="3.967" errors="0">
  <testcase name="f" time="3.967" classname="com.selenium.org.Batch9Maven.TestNGCLass"/>
</testsuite> <!-- com.selenium.org.Batch9Maven.TestNGCLass -->
