<?xml version="1.0" encoding="UTF-8"?>
<!-- Generated by org.testng.reporters.JUnitReportReporter -->
<testsuite hostname="Lenovo-PC" name="com.selenium.org.Batch9Maven.TestNGCLass" tests="1" failures="0" timestamp="4 Jun 2017 04:49:13 GMT" time="6.778" errors="0">
  <testcase name="f" time="6.778" classname="com.selenium.org.Batch9Maven.TestNGCLass"/>
</testsuite> <!-- com.selenium.org.Batch9Maven.TestNGCLass -->
