<?xml version="1.0" encoding="UTF-8"?>
<!-- Generated by org.testng.reporters.JUnitReportReporter -->
<testsuite hostname="Lenovo-PC" name="com.selenium.org.Batch9Maven.NewTest$firsttestngfile" tests="2" failures="0" timestamp="13 Jun 2017 16:59:55 GMT" time="10.718" errors="0">
  <testcase name="register" time="7.178" classname="com.selenium.org.Batch9Maven.NewTest$firsttestngfile"/>
  <testcase name="support" time="3.540" classname="com.selenium.org.Batch9Maven.NewTest$firsttestngfile"/>
</testsuite> <!-- com.selenium.org.Batch9Maven.NewTest$firsttestngfile -->
