<?xml version="1.0" encoding="UTF-8"?>
<!-- Generated by org.testng.reporters.JUnitReportReporter -->
<testsuite hostname="Lenovo-PC" name="com.cucumber.runner.TestngRunnerClass" tests="2" failures="0" timestamp="20 May 2017 03:55:48 GMT" time="0.353" errors="0">
  <testcase name="f" time="0.000" classname="com.cucumber.runner.TestngRunnerClass"/>
  <testcase name="feature" time="0.353" classname="com.cucumber.runner.TestngRunnerClass"/>
</testsuite> <!-- com.cucumber.runner.TestngRunnerClass -->
