<?xml version="1.0" encoding="UTF-8"?>
<!-- Generated by org.testng.reporters.JUnitReportReporter -->
<testsuite hostname="Lenovo-PC" name="com.selenium.org.Batch9Maven.TestNGCLass" tests="1" failures="0" timestamp="3 Jun 2017 05:57:05 GMT" time="3.677" errors="0">
  <testcase name="f" time="3.677" classname="com.selenium.org.Batch9Maven.TestNGCLass"/>
</testsuite> <!-- com.selenium.org.Batch9Maven.TestNGCLass -->
